[2025-07-07 15:47:23] 
            Текст ошибки: Page not found | Файл: /var/www/html/public/index.php | Строка: 8
[2025-07-07 15:48:06] 
            Текст ошибки: Page not found | Файл: /var/www/html/public/index.php | Строка: 8
[2025-07-07 15:49:01] 
            Текст ошибки: Page not found | Файл: /var/www/html/public/index.php | Строка: 8
[2025-07-07 15:49:10] 
            Текст ошибки: Page not found | Файл: /var/www/html/public/index.php | Строка: 8
[2025-07-07 15:49:11] 
            Текст ошибки: Page not found | Файл: /var/www/html/public/index.php | Строка: 8
[2025-07-07 15:49:11] 
            Текст ошибки: Page not found | Файл: /var/www/html/public/index.php | Строка: 8
[2025-07-07 15:49:11] 
            Текст ошибки: Page not found | Файл: /var/www/html/public/index.php | Строка: 8
[2025-07-07 15:49:11] 
            Текст ошибки: Page not found | Файл: /var/www/html/public/index.php | Строка: 8
[2025-07-07 15:49:12] 
            Текст ошибки: Page not found | Файл: /var/www/html/public/index.php | Строка: 8
[2025-07-07 15:50:32] 
            Текст ошибки: Page not found | Файл: /var/www/html/public/index.php | Строка: 8
[2025-07-07 15:51:59] 
            Текст ошибки: Undefined variable $test | Файл: /var/www/html/public/index.php | Строка: 8
[2025-07-07 15:53:12] 
            Текст ошибки: Undefined variable $test | Файл: /var/www/html/public/index.php | Строка: 8
[2025-07-07 15:56:42] 
            Текст ошибки: Undefined variable $test | Файл: /var/www/html/public/index.php | Строка: 8
[2025-07-07 15:56:43] 
            Текст ошибки: Failed opening required '/var/www/html/publicpublic/errors/development.php' (include_path='.:/usr/local/lib/php') | Файл: /var/www/html/src/wfm/ErrorHandler.php | Строка: 62
[2025-07-07 15:56:43] 
            Текст ошибки: require_once(/var/www/html/publicpublic/errors/development.php): Failed to open stream: No such file or directory | Файл: /var/www/html/src/wfm/ErrorHandler.php | Строка: 62
[2025-07-07 15:56:43] 
            Текст ошибки: Uncaught Error: Failed opening required '/var/www/html/publicpublic/errors/development.php' (include_path='.:/usr/local/lib/php') in /var/www/html/src/wfm/ErrorHandler.php:62
Stack trace:
#0 /var/www/html/src/wfm/ErrorHandler.php(25): Wfm\ErrorHandler->displayError(2, 'require_once(/v...', '/var/www/html/s...', 62)
#1 /var/www/html/src/wfm/ErrorHandler.php(62): Wfm\ErrorHandler->errorHandler(2, 'require_once(/v...', '/var/www/html/s...', 62)
#2 /var/www/html/src/wfm/ErrorHandler.php(62): require_once('/var/www/html/s...')
#3 /var/www/html/src/wfm/ErrorHandler.php(43): Wfm\ErrorHandler->displayError('\xD0\x9E\xD1\x88\xD0\xB8\xD0\xB1\xD0\xBA\xD0\xB0', 'Failed opening ...', '/var/www/html/s...', 62, 500)
#4 [internal function]: Wfm\ErrorHandler->exceptionHandler(Object(Error))
#5 {main}
  thrown | Файл: /var/www/html/src/wfm/ErrorHandler.php | Строка: 62
[2025-07-07 15:56:43] 
            Текст ошибки: require_once(/var/www/html/publicpublic/errors/development.php): Failed to open stream: No such file or directory | Файл: /var/www/html/src/wfm/ErrorHandler.php | Строка: 62
[2025-07-07 15:56:57] 
            Текст ошибки: Undefined variable $test | Файл: /var/www/html/public/index.php | Строка: 8
[2025-07-07 15:56:57] 
            Текст ошибки: Failed opening required '/var/www/html/public/public/errors/development.php' (include_path='.:/usr/local/lib/php') | Файл: /var/www/html/src/wfm/ErrorHandler.php | Строка: 62
[2025-07-07 15:56:57] 
            Текст ошибки: require_once(/var/www/html/public/public/errors/development.php): Failed to open stream: No such file or directory | Файл: /var/www/html/src/wfm/ErrorHandler.php | Строка: 62
[2025-07-07 15:56:57] 
            Текст ошибки: Uncaught Error: Failed opening required '/var/www/html/public/public/errors/development.php' (include_path='.:/usr/local/lib/php') in /var/www/html/src/wfm/ErrorHandler.php:62
Stack trace:
#0 /var/www/html/src/wfm/ErrorHandler.php(25): Wfm\ErrorHandler->displayError(2, 'require_once(/v...', '/var/www/html/s...', 62)
#1 /var/www/html/src/wfm/ErrorHandler.php(62): Wfm\ErrorHandler->errorHandler(2, 'require_once(/v...', '/var/www/html/s...', 62)
#2 /var/www/html/src/wfm/ErrorHandler.php(62): require_once('/var/www/html/s...')
#3 /var/www/html/src/wfm/ErrorHandler.php(43): Wfm\ErrorHandler->displayError('\xD0\x9E\xD1\x88\xD0\xB8\xD0\xB1\xD0\xBA\xD0\xB0', 'Failed opening ...', '/var/www/html/s...', 62, 500)
#4 [internal function]: Wfm\ErrorHandler->exceptionHandler(Object(Error))
#5 {main}
  thrown | Файл: /var/www/html/src/wfm/ErrorHandler.php | Строка: 62
[2025-07-07 15:56:57] 
            Текст ошибки: require_once(/var/www/html/public/public/errors/development.php): Failed to open stream: No such file or directory | Файл: /var/www/html/src/wfm/ErrorHandler.php | Строка: 62
[2025-07-07 15:56:57] 
            Текст ошибки: Undefined variable $test | Файл: /var/www/html/public/index.php | Строка: 8
[2025-07-07 15:56:57] 
            Текст ошибки: Failed opening required '/var/www/html/public/public/errors/development.php' (include_path='.:/usr/local/lib/php') | Файл: /var/www/html/src/wfm/ErrorHandler.php | Строка: 62
[2025-07-07 15:56:57] 
            Текст ошибки: require_once(/var/www/html/public/public/errors/development.php): Failed to open stream: No such file or directory | Файл: /var/www/html/src/wfm/ErrorHandler.php | Строка: 62
[2025-07-07 15:56:57] 
            Текст ошибки: Uncaught Error: Failed opening required '/var/www/html/public/public/errors/development.php' (include_path='.:/usr/local/lib/php') in /var/www/html/src/wfm/ErrorHandler.php:62
Stack trace:
#0 /var/www/html/src/wfm/ErrorHandler.php(25): Wfm\ErrorHandler->displayError(2, 'require_once(/v...', '/var/www/html/s...', 62)
#1 /var/www/html/src/wfm/ErrorHandler.php(62): Wfm\ErrorHandler->errorHandler(2, 'require_once(/v...', '/var/www/html/s...', 62)
#2 /var/www/html/src/wfm/ErrorHandler.php(62): require_once('/var/www/html/s...')
#3 /var/www/html/src/wfm/ErrorHandler.php(43): Wfm\ErrorHandler->displayError('\xD0\x9E\xD1\x88\xD0\xB8\xD0\xB1\xD0\xBA\xD0\xB0', 'Failed opening ...', '/var/www/html/s...', 62, 500)
#4 [internal function]: Wfm\ErrorHandler->exceptionHandler(Object(Error))
#5 {main}
  thrown | Файл: /var/www/html/src/wfm/ErrorHandler.php | Строка: 62
[2025-07-07 15:56:57] 
            Текст ошибки: require_once(/var/www/html/public/public/errors/development.php): Failed to open stream: No such file or directory | Файл: /var/www/html/src/wfm/ErrorHandler.php | Строка: 62
[2025-07-07 15:56:58] 
            Текст ошибки: Undefined variable $test | Файл: /var/www/html/public/index.php | Строка: 8
[2025-07-07 15:56:58] 
            Текст ошибки: Failed opening required '/var/www/html/public/public/errors/development.php' (include_path='.:/usr/local/lib/php') | Файл: /var/www/html/src/wfm/ErrorHandler.php | Строка: 62
[2025-07-07 15:56:58] 
            Текст ошибки: require_once(/var/www/html/public/public/errors/development.php): Failed to open stream: No such file or directory | Файл: /var/www/html/src/wfm/ErrorHandler.php | Строка: 62
[2025-07-07 15:56:58] 
            Текст ошибки: Uncaught Error: Failed opening required '/var/www/html/public/public/errors/development.php' (include_path='.:/usr/local/lib/php') in /var/www/html/src/wfm/ErrorHandler.php:62
Stack trace:
#0 /var/www/html/src/wfm/ErrorHandler.php(25): Wfm\ErrorHandler->displayError(2, 'require_once(/v...', '/var/www/html/s...', 62)
#1 /var/www/html/src/wfm/ErrorHandler.php(62): Wfm\ErrorHandler->errorHandler(2, 'require_once(/v...', '/var/www/html/s...', 62)
#2 /var/www/html/src/wfm/ErrorHandler.php(62): require_once('/var/www/html/s...')
#3 /var/www/html/src/wfm/ErrorHandler.php(43): Wfm\ErrorHandler->displayError('\xD0\x9E\xD1\x88\xD0\xB8\xD0\xB1\xD0\xBA\xD0\xB0', 'Failed opening ...', '/var/www/html/s...', 62, 500)
#4 [internal function]: Wfm\ErrorHandler->exceptionHandler(Object(Error))
#5 {main}
  thrown | Файл: /var/www/html/src/wfm/ErrorHandler.php | Строка: 62
[2025-07-07 15:56:58] 
            Текст ошибки: require_once(/var/www/html/public/public/errors/development.php): Failed to open stream: No such file or directory | Файл: /var/www/html/src/wfm/ErrorHandler.php | Строка: 62
[2025-07-07 15:56:58] 
            Текст ошибки: Undefined variable $test | Файл: /var/www/html/public/index.php | Строка: 8
[2025-07-07 15:56:58] 
            Текст ошибки: Failed opening required '/var/www/html/public/public/errors/development.php' (include_path='.:/usr/local/lib/php') | Файл: /var/www/html/src/wfm/ErrorHandler.php | Строка: 62
[2025-07-07 15:56:58] 
            Текст ошибки: require_once(/var/www/html/public/public/errors/development.php): Failed to open stream: No such file or directory | Файл: /var/www/html/src/wfm/ErrorHandler.php | Строка: 62
[2025-07-07 15:56:58] 
            Текст ошибки: Uncaught Error: Failed opening required '/var/www/html/public/public/errors/development.php' (include_path='.:/usr/local/lib/php') in /var/www/html/src/wfm/ErrorHandler.php:62
Stack trace:
#0 /var/www/html/src/wfm/ErrorHandler.php(25): Wfm\ErrorHandler->displayError(2, 'require_once(/v...', '/var/www/html/s...', 62)
#1 /var/www/html/src/wfm/ErrorHandler.php(62): Wfm\ErrorHandler->errorHandler(2, 'require_once(/v...', '/var/www/html/s...', 62)
#2 /var/www/html/src/wfm/ErrorHandler.php(62): require_once('/var/www/html/s...')
#3 /var/www/html/src/wfm/ErrorHandler.php(43): Wfm\ErrorHandler->displayError('\xD0\x9E\xD1\x88\xD0\xB8\xD0\xB1\xD0\xBA\xD0\xB0', 'Failed opening ...', '/var/www/html/s...', 62, 500)
#4 [internal function]: Wfm\ErrorHandler->exceptionHandler(Object(Error))
#5 {main}
  thrown | Файл: /var/www/html/src/wfm/ErrorHandler.php | Строка: 62
[2025-07-07 15:56:58] 
            Текст ошибки: require_once(/var/www/html/public/public/errors/development.php): Failed to open stream: No such file or directory | Файл: /var/www/html/src/wfm/ErrorHandler.php | Строка: 62
[2025-07-07 15:57:06] 
            Текст ошибки: Undefined variable $test | Файл: /var/www/html/public/index.php | Строка: 8
[2025-07-07 15:58:16] 
            Текст ошибки: Test production error | Файл: /var/www/html/public/index.php | Строка: 8
[2025-07-07 15:59:11] 
            Текст ошибки: Undefined variable $test | Файл: /var/www/html/public/index.php | Строка: 8
[2025-07-07 15:59:12] 
            Текст ошибки: Undefined variable $test | Файл: /var/www/html/public/index.php | Строка: 8
[2025-07-07 15:59:37] 
            Текст ошибки: Undefined variable $test | Файл: /var/www/html/public/index.php | Строка: 8
[2025-07-07 15:59:38] 
            Текст ошибки: Undefined variable $test | Файл: /var/www/html/public/index.php | Строка: 8
[2025-07-07 15:59:40] 
            Текст ошибки: Undefined variable $test | Файл: /var/www/html/public/index.php | Строка: 8
[2025-07-07 15:59:59] 
            Текст ошибки: Undefined variable $test | Файл: /var/www/html/public/index.php | Строка: 8
[2025-07-07 16:01:02] 
            Текст ошибки: Undefined variable $test | Файл: /var/www/html/public/index.php | Строка: 8
[2025-07-07 16:02:23] 
            Текст ошибки: Undefined variable $test | Файл: /var/www/html/public/index.php | Строка: 8
[2025-07-07 16:02:37] 
            Текст ошибки: Undefined variable $test | Файл: /var/www/html/public/index.php | Строка: 8
[2025-07-07 16:09:40] 
            Текст ошибки: Undefined variable $test | Файл: /var/www/html/public/index.php | Строка: 8
[2025-07-07 16:09:48] 
            Текст ошибки: Undefined variable $test | Файл: /var/www/html/public/index.php | Строка: 8
[2025-07-07 16:13:09] 
            Текст ошибки: Undefined variable $test | Файл: /var/www/html/public/index.php | Строка: 9
[2025-07-07 17:06:38] 
            Текст ошибки: Class "Router" not found | Файл: /var/www/html/public/index.php | Строка: 11
[2025-07-07 18:56:38] 
            Текст ошибки: Контроллер не найден: app\controllers\MainController | Файл: /var/www/html/src/wfm/Router.php | Строка: 36
[2025-07-07 18:57:37] 
            Текст ошибки: Контроллер не найден: app\controllers\MainController | Файл: /var/www/html/src/wfm/Router.php | Строка: 36
[2025-07-07 18:57:38] 
            Текст ошибки: Контроллер не найден: app\controllers\MainController | Файл: /var/www/html/src/wfm/Router.php | Строка: 36
[2025-07-07 18:57:39] 
            Текст ошибки: Контроллер не найден: app\controllers\MainController | Файл: /var/www/html/src/wfm/Router.php | Строка: 36
[2025-07-07 18:57:39] 
            Текст ошибки: Контроллер не найден: app\controllers\MainController | Файл: /var/www/html/src/wfm/Router.php | Строка: 36
[2025-07-07 18:57:39] 
            Текст ошибки: Контроллер не найден: app\controllers\MainController | Файл: /var/www/html/src/wfm/Router.php | Строка: 36
[2025-07-07 18:57:39] 
            Текст ошибки: Контроллер не найден: app\controllers\MainController | Файл: /var/www/html/src/wfm/Router.php | Строка: 36
[2025-07-07 18:57:56] 
            Текст ошибки: Контроллер не найден: app\controllers\MainController | Файл: /var/www/html/src/wfm/Router.php | Строка: 36
[2025-07-07 18:57:57] 
            Текст ошибки: Контроллер не найден: app\controllers\MainController | Файл: /var/www/html/src/wfm/Router.php | Строка: 36
[2025-07-07 18:57:57] 
            Текст ошибки: Контроллер не найден: app\controllers\MainController | Файл: /var/www/html/src/wfm/Router.php | Строка: 36
[2025-07-07 18:57:57] 
            Текст ошибки: Контроллер не найден: app\controllers\MainController | Файл: /var/www/html/src/wfm/Router.php | Строка: 36
[2025-07-07 18:57:57] 
            Текст ошибки: Контроллер не найден: app\controllers\MainController | Файл: /var/www/html/src/wfm/Router.php | Строка: 36
[2025-07-07 18:58:16] 
            Текст ошибки: Контроллер не найден: app\controllers\MainController | Файл: /var/www/html/src/wfm/Router.php | Строка: 36
[2025-07-07 18:58:17] 
            Текст ошибки: Контроллер не найден: app\controllers\MainController | Файл: /var/www/html/src/wfm/Router.php | Строка: 36
[2025-07-07 18:58:17] 
            Текст ошибки: Контроллер не найден: app\controllers\MainController | Файл: /var/www/html/src/wfm/Router.php | Строка: 36
[2025-07-07 18:58:17] 
            Текст ошибки: Контроллер не найден: app\controllers\MainController | Файл: /var/www/html/src/wfm/Router.php | Строка: 36
[2025-07-07 18:58:17] 
            Текст ошибки: Контроллер не найден: app\controllers\MainController | Файл: /var/www/html/src/wfm/Router.php | Строка: 36
[2025-07-07 18:58:17] 
            Текст ошибки: Контроллер не найден: app\controllers\MainController | Файл: /var/www/html/src/wfm/Router.php | Строка: 36
[2025-07-07 18:58:17] 
            Текст ошибки: Контроллер не найден: app\controllers\MainController | Файл: /var/www/html/src/wfm/Router.php | Строка: 36
[2025-07-07 18:58:18] 
            Текст ошибки: Контроллер не найден: app\controllers\MainController | Файл: /var/www/html/src/wfm/Router.php | Строка: 36
[2025-07-07 18:58:18] 
            Текст ошибки: Контроллер не найден: app\controllers\MainController | Файл: /var/www/html/src/wfm/Router.php | Строка: 36
[2025-07-07 18:58:18] 
            Текст ошибки: Контроллер не найден: app\controllers\MainController | Файл: /var/www/html/src/wfm/Router.php | Строка: 36
[2025-07-07 18:58:39] 
            Текст ошибки: Контроллер не найден: app\controllers\MainController | Файл: /var/www/html/src/wfm/Router.php | Строка: 36
[2025-07-07 18:58:52] 
            Текст ошибки: Контроллер не найден: app\controllers\MainController | Файл: /var/www/html/src/wfm/Router.php | Строка: 36
[2025-07-07 18:58:55] 
            Текст ошибки: Контроллер не найден: app\controllers\MainController | Файл: /var/www/html/src/wfm/Router.php | Строка: 36
[2025-07-07 18:58:58] 
            Текст ошибки: Контроллер не найден: app\controllers\MainController | Файл: /var/www/html/src/wfm/Router.php | Строка: 36
[2025-07-07 18:59:26] 
            Текст ошибки: Контроллер не найден: app\controllers\MainController | Файл: /var/www/html/src/wfm/Router.php | Строка: 36
[2025-07-07 19:00:26] 
            Текст ошибки: Контроллер не найден: app\controllers\MainController | Файл: /var/www/html/src/wfm/Router.php | Строка: 36
[2025-07-07 19:00:26] 
            Текст ошибки: Контроллер не найден: app\controllers\MainController | Файл: /var/www/html/src/wfm/Router.php | Строка: 36
[2025-07-07 19:00:27] 
            Текст ошибки: Контроллер не найден: app\controllers\MainController | Файл: /var/www/html/src/wfm/Router.php | Строка: 36
[2025-07-07 19:00:27] 
            Текст ошибки: Контроллер не найден: app\controllers\MainController | Файл: /var/www/html/src/wfm/Router.php | Строка: 36
[2025-07-07 19:00:27] 
            Текст ошибки: Контроллер не найден: app\controllers\MainController | Файл: /var/www/html/src/wfm/Router.php | Строка: 36
[2025-07-07 19:00:27] 
            Текст ошибки: Контроллер не найден: app\controllers\MainController | Файл: /var/www/html/src/wfm/Router.php | Строка: 36
[2025-07-07 19:00:28] 
            Текст ошибки: Контроллер не найден: app\controllers\MainController | Файл: /var/www/html/src/wfm/Router.php | Строка: 36
[2025-07-07 19:00:28] 
            Текст ошибки: Контроллер не найден: app\controllers\MainController | Файл: /var/www/html/src/wfm/Router.php | Строка: 36
[2025-07-07 19:00:28] 
            Текст ошибки: Контроллер не найден: app\controllers\MainController | Файл: /var/www/html/src/wfm/Router.php | Строка: 36
[2025-07-07 19:00:31] 
            Текст ошибки: Контроллер не найден: app\controllers\MainController | Файл: /var/www/html/src/wfm/Router.php | Строка: 36
[2025-07-07 19:00:37] 
            Текст ошибки: Страница не найдена: lool.php | Файл: /var/www/html/src/wfm/Router.php | Строка: 39
[2025-07-07 19:00:45] 
            Текст ошибки: Контроллер не найден: app\controllers\MainController | Файл: /var/www/html/src/wfm/Router.php | Строка: 36
[2025-07-07 19:01:26] 
            Текст ошибки: Контроллер не найден: app\controllers\MainController | Файл: /var/www/html/src/wfm/Router.php | Строка: 36
[2025-07-07 19:01:27] 
            Текст ошибки: Контроллер не найден: app\controllers\MainController | Файл: /var/www/html/src/wfm/Router.php | Строка: 36
[2025-07-07 19:01:27] 
            Текст ошибки: Контроллер не найден: app\controllers\MainController | Файл: /var/www/html/src/wfm/Router.php | Строка: 36
[2025-07-07 19:05:39] 
            Текст ошибки: Контроллер не найден: App\Controllers\admin\AdminController | Файл: /var/www/html/src/wfm/Router.php | Строка: 36
[2025-07-07 19:06:15] 
            Текст ошибки: Метод не найден: indexAction в контроллере App\Controllers\admin\AdminController | Файл: /var/www/html/src/wfm/Router.php | Строка: 33
[2025-07-07 19:07:13] 
            Текст ошибки: Страница не найдена: view | Файл: /var/www/html/src/wfm/Router.php | Строка: 39
[2025-07-07 19:21:20] 
            Текст ошибки: preg_match(): Passing null to parameter #2 ($subject) of type string is deprecated | Файл: /var/www/html/src/wfm/Router.php | Строка: 55
[2025-07-07 19:21:42] 
            Текст ошибки: preg_match(): Passing null to parameter #2 ($subject) of type string is deprecated | Файл: /var/www/html/src/wfm/Router.php | Строка: 55
[2025-07-07 19:21:45] 
            Текст ошибки: preg_match(): Passing null to parameter #2 ($subject) of type string is deprecated | Файл: /var/www/html/src/wfm/Router.php | Строка: 55
[2025-07-07 19:21:59] 
            Текст ошибки: preg_match(): Passing null to parameter #2 ($subject) of type string is deprecated | Файл: /var/www/html/src/wfm/Router.php | Строка: 55
[2025-07-07 19:21:59] 
            Текст ошибки: preg_match(): Passing null to parameter #2 ($subject) of type string is deprecated | Файл: /var/www/html/src/wfm/Router.php | Строка: 55
[2025-07-07 19:46:44] 
            Текст ошибки: Class "app\models\Main" not found | Файл: /var/www/html/src/wfm/Controller.php | Строка: 22
[2025-07-07 19:47:58] 
            Текст ошибки: Модель не найдена: app\models\Main | Файл: /var/www/html/src/wfm/Controller.php | Строка: 25
[2025-07-07 19:49:06] 
            Текст ошибки: Модель не найдена: app\models\Main | Файл: /var/www/html/src/wfm/Controller.php | Строка: 25
[2025-07-07 19:49:07] 
            Текст ошибки: Модель не найдена: app\models\Main | Файл: /var/www/html/src/wfm/Controller.php | Строка: 25
[2025-07-07 19:49:08] 
            Текст ошибки: Модель не найдена: app\models\Main | Файл: /var/www/html/src/wfm/Controller.php | Строка: 25
[2025-07-07 19:49:08] 
            Текст ошибки: Модель не найдена: app\models\Main | Файл: /var/www/html/src/wfm/Controller.php | Строка: 25
[2025-07-07 19:49:08] 
            Текст ошибки: Модель не найдена: app\models\Main | Файл: /var/www/html/src/wfm/Controller.php | Строка: 25
[2025-07-07 19:52:59] 
            Текст ошибки: Модель не найдена: app\models\Main | Файл: /var/www/html/src/wfm/Controller.php | Строка: 25
[2025-07-07 19:56:11] 
            Текст ошибки: Модель не найдена: app\models\Main | Файл: /var/www/html/src/wfm/Controller.php | Строка: 25
[2025-07-07 20:08:59] 
            Текст ошибки: Модель не найдена: app\models\Main | Файл: /var/www/html/src/wfm/Controller.php | Строка: 25
[2025-07-07 20:13:35] 
            Текст ошибки: Не найдено представление: /var/www/html/app/views/Main/index.php | Файл: /var/www/html/src/wfm/View.php | Строка: 34
[2025-07-07 20:14:27] 
            Текст ошибки: Метод не найден: indexAction в контроллере App\Controllers\MainController | Файл: /var/www/html/src/wfm/Router.php | Строка: 51
[2025-07-07 20:14:45] 
            Текст ошибки: Не найдено представление: /var/www/html/app/views/Main/index.php | Файл: /var/www/html/src/wfm/View.php | Строка: 34
[2025-07-07 20:15:55] 
            Текст ошибки: require(/var/www/html/app/views/layouts/ishop.php): Failed to open stream: No such file or directory | Файл: /var/www/html/src/wfm/View.php | Строка: 37
[2025-07-07 20:20:54] 
            Текст ошибки: Страница не найдена: views/Main/index.php | Файл: /var/www/html/src/wfm/Router.php | Строка: 57
[2025-07-07 21:14:21] 
            Текст ошибки: Call to undefined function Wfm\h() | Файл: /var/www/html/src/wfm/View.php | Строка: 48
[2025-07-07 22:02:08] 
            Текст ошибки: Страница не найдена: public/index.php | Файл: /var/www/html/src/wfm/Router.php | Строка: 57
[2025-07-07 22:03:31] 
            Текст ошибки: Страница не найдена: public/index.php | Файл: /var/www/html/src/wfm/Router.php | Строка: 57
[2025-07-07 22:19:44] 
            Текст ошибки: Call to a member function find() on null | Файл: /var/www/html/vendor/gabordemooij/redbean/RedBeanPHP/Facade.php | Строка: 1054
[2025-07-07 22:20:33] 
            Текст ошибки: Call to a member function find() on null | Файл: /var/www/html/vendor/gabordemooij/redbean/RedBeanPHP/Facade.php | Строка: 1054
[2025-07-07 22:20:34] 
            Текст ошибки: Call to a member function find() on null | Файл: /var/www/html/vendor/gabordemooij/redbean/RedBeanPHP/Facade.php | Строка: 1054
[2025-07-07 22:20:43] 
            Текст ошибки: Call to a member function find() on null | Файл: /var/www/html/vendor/gabordemooij/redbean/RedBeanPHP/Facade.php | Строка: 1054
[2025-07-07 22:20:44] 
            Текст ошибки: Call to a member function find() on null | Файл: /var/www/html/vendor/gabordemooij/redbean/RedBeanPHP/Facade.php | Строка: 1054
[2025-07-07 22:20:44] 
            Текст ошибки: Call to a member function find() on null | Файл: /var/www/html/vendor/gabordemooij/redbean/RedBeanPHP/Facade.php | Строка: 1054
[2025-07-07 22:20:44] 
            Текст ошибки: Call to a member function find() on null | Файл: /var/www/html/vendor/gabordemooij/redbean/RedBeanPHP/Facade.php | Строка: 1054
[2025-07-07 22:20:44] 
            Текст ошибки: Call to a member function find() on null | Файл: /var/www/html/vendor/gabordemooij/redbean/RedBeanPHP/Facade.php | Строка: 1054
[2025-07-07 22:21:09] 
            Текст ошибки: Call to a member function find() on null | Файл: /var/www/html/vendor/gabordemooij/redbean/RedBeanPHP/Facade.php | Строка: 1054
[2025-07-07 22:21:09] 
            Текст ошибки: Call to a member function find() on null | Файл: /var/www/html/vendor/gabordemooij/redbean/RedBeanPHP/Facade.php | Строка: 1054
[2025-07-07 22:21:10] 
            Текст ошибки: Call to a member function find() on null | Файл: /var/www/html/vendor/gabordemooij/redbean/RedBeanPHP/Facade.php | Строка: 1054
[2025-07-07 22:21:10] 
            Текст ошибки: Call to a member function find() on null | Файл: /var/www/html/vendor/gabordemooij/redbean/RedBeanPHP/Facade.php | Строка: 1054
[2025-07-07 22:22:27] 
            Текст ошибки: Class "R" not found | Файл: /var/www/html/src/wfm/Db.php | Строка: 14
[2025-07-07 22:23:01] 
            Текст ошибки: No connection to the database | Файл: /var/www/html/src/wfm/Db.php | Строка: 17
[2025-07-07 22:23:32] 
            Текст ошибки: SQLSTATE[42S02]: Base table or view not found: 1146 Table 'egor_db.name' doesn't exist | Файл: /var/www/html/vendor/gabordemooij/redbean/RedBeanPHP/Driver/RPDO.php | Строка: 206
[2025-07-07 22:24:08] 
            Текст ошибки: No connection to the database | Файл: /var/www/html/src/wfm/Db.php | Строка: 17
[2025-07-07 22:24:11] 
            Текст ошибки: No connection to the database | Файл: /var/www/html/src/wfm/Db.php | Строка: 17
[2025-07-07 22:24:45] 
            Текст ошибки: SQLSTATE[42S02]: Base table or view not found: 1146 Table 'egor_db.name' doesn't exist | Файл: /var/www/html/vendor/gabordemooij/redbean/RedBeanPHP/Driver/RPDO.php | Строка: 206
[2025-07-07 22:26:38] 
            Текст ошибки: No connection to the database | Файл: /var/www/html/src/wfm/Db.php | Строка: 17
[2025-07-07 22:28:31] 
            Текст ошибки: Call to undefined method App\Models\Main::getNames() | Файл: /var/www/html/app/Controllers/MainController.php | Строка: 12
[2025-07-07 22:40:51] 
            Текст ошибки: htmlspecialchars(): Passing null to parameter #1 ($string) of type string is deprecated | Файл: /var/www/html/src/wfm/helpers/functions.php | Строка: 13
[2025-07-07 22:41:35] 
            Текст ошибки: SQLSTATE[42S22]: Column not found: 1054 Unknown column 'value' in 'field list' | Файл: /var/www/html/vendor/gabordemooij/redbean/RedBeanPHP/Driver/RPDO.php | Строка: 206
[2025-07-07 22:42:25] 
            Текст ошибки: SQLSTATE[HY000]: General error: 1364 Field 'name' doesn't have a default value | Файл: /var/www/html/vendor/gabordemooij/redbean/RedBeanPHP/Driver/RPDO.php | Строка: 206
[2025-07-07 22:42:28] 
            Текст ошибки: SQLSTATE[HY000]: General error: 1364 Field 'name' doesn't have a default value | Файл: /var/www/html/vendor/gabordemooij/redbean/RedBeanPHP/Driver/RPDO.php | Строка: 206
[2025-07-07 22:42:59] 
            Текст ошибки: SQLSTATE[HY000]: General error: 1364 Field 'name' doesn't have a default value | Файл: /var/www/html/vendor/gabordemooij/redbean/RedBeanPHP/Driver/RPDO.php | Строка: 206
[2025-07-07 22:43:09] 
            Текст ошибки: SQLSTATE[HY000]: General error: 1364 Field 'name' doesn't have a default value | Файл: /var/www/html/vendor/gabordemooij/redbean/RedBeanPHP/Driver/RPDO.php | Строка: 206
[2025-07-07 23:05:56] 
            Текст ошибки: Контроллер не найден: App\Controllers\admin\AdminController | Файл: /var/www/html/src/wfm/Router.php | Строка: 54
[2025-07-08 12:18:59] 
            Текст ошибки: Страница не найдена: favicon.ico | Файл: /var/www/html/src/wfm/Router.php | Строка: 57
[2025-07-08 12:18:59] 
            Текст ошибки: Страница не найдена: favicon.ico | Файл: /var/www/html/src/wfm/Router.php | Строка: 57
[2025-07-08 12:44:40] 
            Текст ошибки: Контроллер не найден: App\Controllers\admin\AdminController | Файл: /var/www/html/src/wfm/Router.php | Строка: 54
[2025-07-08 13:29:50] 
            Текст ошибки: Страница не найдена: css/main.css | Файл: /var/www/html/src/wfm/Router.php | Строка: 57
[2025-07-08 13:29:50] 
            Текст ошибки: Страница не найдена: img/products/apple_cinema_30.jpg | Файл: /var/www/html/src/wfm/Router.php | Строка: 57
[2025-07-08 13:29:50] 
            Текст ошибки: Страница не найдена: bootstrap/css/bootstrap.min.css | Файл: /var/www/html/src/wfm/Router.php | Строка: 57
[2025-07-08 13:29:50] 
            Текст ошибки: Страница не найдена: img/products/canon_eos_5d_1.jpg | Файл: /var/www/html/src/wfm/Router.php | Строка: 57
[2025-07-08 13:29:50] 
            Текст ошибки: Страница не найдена: bootstrap/js/bootstrap.bundle.min.js | Файл: /var/www/html/src/wfm/Router.php | Строка: 57
[2025-07-08 13:29:50] 
            Текст ошибки: Страница не найдена: img/ru.png | Файл: /var/www/html/src/wfm/Router.php | Строка: 57
[2025-07-08 13:29:50] 
            Текст ошибки: Страница не найдена: img/products/hp_1.jpg | Файл: /var/www/html/src/wfm/Router.php | Строка: 57
[2025-07-08 13:29:50] 
            Текст ошибки: Страница не найдена: img/en.png | Файл: /var/www/html/src/wfm/Router.php | Строка: 57
[2025-07-08 13:29:50] 
            Текст ошибки: Страница не найдена: js/main.js | Файл: /var/www/html/src/wfm/Router.php | Строка: 57
[2025-07-08 13:29:50] 
            Текст ошибки: Страница не найдена: img/1.jpg | Файл: /var/www/html/src/wfm/Router.php | Строка: 57
[2025-07-08 13:29:50] 
            Текст ошибки: Страница не найдена: img/3.jpg | Файл: /var/www/html/src/wfm/Router.php | Строка: 57
[2025-07-08 13:29:50] 
            Текст ошибки: Страница не найдена: img/2.jpg | Файл: /var/www/html/src/wfm/Router.php | Строка: 57
[2025-07-08 13:29:50] 
            Текст ошибки: Страница не найдена: img/products/imac_1.jpg | Файл: /var/www/html/src/wfm/Router.php | Строка: 57
[2025-07-08 13:29:50] 
            Текст ошибки: Страница не найдена: img/products/iphone_1.jpg | Файл: /var/www/html/src/wfm/Router.php | Строка: 57
[2025-07-08 13:30:55] 
            Текст ошибки: Страница не найдена: img/products/hp_1.jpg | Файл: /var/www/html/src/wfm/Router.php | Строка: 57
[2025-07-08 13:30:55] 
            Текст ошибки: Страница не найдена: img/ru.png | Файл: /var/www/html/src/wfm/Router.php | Строка: 57
[2025-07-08 13:30:55] 
            Текст ошибки: Страница не найдена: bootstrap/css/bootstrap.min.css | Файл: /var/www/html/src/wfm/Router.php | Строка: 57
[2025-07-08 13:30:55] 
            Текст ошибки: Страница не найдена: img/products/apple_cinema_30.jpg | Файл: /var/www/html/src/wfm/Router.php | Строка: 57
[2025-07-08 13:30:55] 
            Текст ошибки: Страница не найдена: css/main.css | Файл: /var/www/html/src/wfm/Router.php | Строка: 57
[2025-07-08 13:30:55] 
            Текст ошибки: Страница не найдена: img/products/canon_eos_5d_1.jpg | Файл: /var/www/html/src/wfm/Router.php | Строка: 57
[2025-07-08 13:30:55] 
            Текст ошибки: Страница не найдена: img/1.jpg | Файл: /var/www/html/src/wfm/Router.php | Строка: 57
[2025-07-08 13:30:55] 
            Текст ошибки: Страница не найдена: img/3.jpg | Файл: /var/www/html/src/wfm/Router.php | Строка: 57
[2025-07-08 13:30:55] 
            Текст ошибки: Страница не найдена: js/main.js | Файл: /var/www/html/src/wfm/Router.php | Строка: 57
[2025-07-08 13:30:55] 
            Текст ошибки: Страница не найдена: img/en.png | Файл: /var/www/html/src/wfm/Router.php | Строка: 57
[2025-07-08 13:30:55] 
            Текст ошибки: Страница не найдена: bootstrap/js/bootstrap.bundle.min.js | Файл: /var/www/html/src/wfm/Router.php | Строка: 57
[2025-07-08 13:30:55] 
            Текст ошибки: Страница не найдена: img/2.jpg | Файл: /var/www/html/src/wfm/Router.php | Строка: 57
[2025-07-08 13:30:55] 
            Текст ошибки: Страница не найдена: img/products/imac_1.jpg | Файл: /var/www/html/src/wfm/Router.php | Строка: 57
[2025-07-08 13:30:55] 
            Текст ошибки: Страница не найдена: img/products/iphone_1.jpg | Файл: /var/www/html/src/wfm/Router.php | Строка: 57
[2025-07-08 13:31:16] 
            Текст ошибки: Страница не найдена: css/main.css | Файл: /var/www/html/src/wfm/Router.php | Строка: 57
[2025-07-08 13:31:16] 
            Текст ошибки: Страница не найдена: img/products/hp_1.jpg | Файл: /var/www/html/src/wfm/Router.php | Строка: 57
[2025-07-08 13:31:16] 
            Текст ошибки: Страница не найдена: bootstrap/css/bootstrap.min.css | Файл: /var/www/html/src/wfm/Router.php | Строка: 57
[2025-07-08 13:31:16] 
            Текст ошибки: Страница не найдена: img/products/apple_cinema_30.jpg | Файл: /var/www/html/src/wfm/Router.php | Строка: 57
[2025-07-08 13:31:16] 
            Текст ошибки: Страница не найдена: img/products/canon_eos_5d_1.jpg | Файл: /var/www/html/src/wfm/Router.php | Строка: 57
[2025-07-08 13:31:16] 
            Текст ошибки: Страница не найдена: img/ru.png | Файл: /var/www/html/src/wfm/Router.php | Строка: 57
[2025-07-08 13:31:16] 
            Текст ошибки: Страница не найдена: img/en.png | Файл: /var/www/html/src/wfm/Router.php | Строка: 57
[2025-07-08 13:31:16] 
            Текст ошибки: Страница не найдена: bootstrap/js/bootstrap.bundle.min.js | Файл: /var/www/html/src/wfm/Router.php | Строка: 57
[2025-07-08 13:31:16] 
            Текст ошибки: Страница не найдена: js/main.js | Файл: /var/www/html/src/wfm/Router.php | Строка: 57
[2025-07-08 13:31:16] 
            Текст ошибки: Страница не найдена: img/3.jpg | Файл: /var/www/html/src/wfm/Router.php | Строка: 57
[2025-07-08 13:31:16] 
            Текст ошибки: Страница не найдена: img/2.jpg | Файл: /var/www/html/src/wfm/Router.php | Строка: 57
[2025-07-08 13:31:16] 
            Текст ошибки: Страница не найдена: img/1.jpg | Файл: /var/www/html/src/wfm/Router.php | Строка: 57
[2025-07-08 13:31:16] 
            Текст ошибки: Страница не найдена: img/products/imac_1.jpg | Файл: /var/www/html/src/wfm/Router.php | Строка: 57
[2025-07-08 13:31:16] 
            Текст ошибки: Страница не найдена: img/products/iphone_1.jpg | Файл: /var/www/html/src/wfm/Router.php | Строка: 57
[2025-07-08 13:33:56] 
            Текст ошибки: Страница не найдена: css/main.css | Файл: /var/www/html/src/wfm/Router.php | Строка: 57
[2025-07-08 13:33:56] 
            Текст ошибки: Страница не найдена: img/products/apple_cinema_30.jpg | Файл: /var/www/html/src/wfm/Router.php | Строка: 57
[2025-07-08 13:33:56] 
            Текст ошибки: Страница не найдена: img/products/hp_1.jpg | Файл: /var/www/html/src/wfm/Router.php | Строка: 57
[2025-07-08 13:33:56] 
            Текст ошибки: Страница не найдена: img/products/canon_eos_5d_1.jpg | Файл: /var/www/html/src/wfm/Router.php | Строка: 57
[2025-07-08 13:33:56] 
            Текст ошибки: Страница не найдена: img/ru.png | Файл: /var/www/html/src/wfm/Router.php | Строка: 57
[2025-07-08 13:33:56] 
            Текст ошибки: Страница не найдена: img/1.jpg | Файл: /var/www/html/src/wfm/Router.php | Строка: 57
[2025-07-08 13:33:56] 
            Текст ошибки: Страница не найдена: img/2.jpg | Файл: /var/www/html/src/wfm/Router.php | Строка: 57
[2025-07-08 13:33:56] 
            Текст ошибки: Страница не найдена: js/main.js | Файл: /var/www/html/src/wfm/Router.php | Строка: 57
[2025-07-08 13:33:56] 
            Текст ошибки: Страница не найдена: img/en.png | Файл: /var/www/html/src/wfm/Router.php | Строка: 57
[2025-07-08 13:33:56] 
            Текст ошибки: Страница не найдена: bootstrap/js/bootstrap.bundle.min.js | Файл: /var/www/html/src/wfm/Router.php | Строка: 57
[2025-07-08 13:33:56] 
            Текст ошибки: Страница не найдена: img/products/iphone_1.jpg | Файл: /var/www/html/src/wfm/Router.php | Строка: 57
[2025-07-08 13:33:56] 
            Текст ошибки: Страница не найдена: img/products/imac_1.jpg | Файл: /var/www/html/src/wfm/Router.php | Строка: 57
[2025-07-08 13:33:56] 
            Текст ошибки: Страница не найдена: img/3.jpg | Файл: /var/www/html/src/wfm/Router.php | Строка: 57
[2025-07-08 13:33:57] 
            Текст ошибки: Страница не найдена: img/products/hp_1.jpg | Файл: /var/www/html/src/wfm/Router.php | Строка: 57
[2025-07-08 13:33:57] 
            Текст ошибки: Страница не найдена: img/ru.png | Файл: /var/www/html/src/wfm/Router.php | Строка: 57
[2025-07-08 13:33:57] 
            Текст ошибки: Страница не найдена: css/main.css | Файл: /var/www/html/src/wfm/Router.php | Строка: 57
[2025-07-08 13:33:57] 
            Текст ошибки: Страница не найдена: img/products/apple_cinema_30.jpg | Файл: /var/www/html/src/wfm/Router.php | Строка: 57
[2025-07-08 13:33:57] 
            Текст ошибки: Страница не найдена: img/products/canon_eos_5d_1.jpg | Файл: /var/www/html/src/wfm/Router.php | Строка: 57
[2025-07-08 13:33:57] 
            Текст ошибки: Страница не найдена: img/2.jpg | Файл: /var/www/html/src/wfm/Router.php | Строка: 57
[2025-07-08 13:33:57] 
            Текст ошибки: Страница не найдена: img/en.png | Файл: /var/www/html/src/wfm/Router.php | Строка: 57
[2025-07-08 13:33:57] 
            Текст ошибки: Страница не найдена: js/main.js | Файл: /var/www/html/src/wfm/Router.php | Строка: 57
[2025-07-08 13:33:57] 
            Текст ошибки: Страница не найдена: bootstrap/js/bootstrap.bundle.min.js | Файл: /var/www/html/src/wfm/Router.php | Строка: 57
[2025-07-08 13:33:57] 
            Текст ошибки: Страница не найдена: img/1.jpg | Файл: /var/www/html/src/wfm/Router.php | Строка: 57
[2025-07-08 13:33:57] 
            Текст ошибки: Страница не найдена: img/3.jpg | Файл: /var/www/html/src/wfm/Router.php | Строка: 57
[2025-07-08 13:33:57] 
            Текст ошибки: Страница не найдена: img/products/imac_1.jpg | Файл: /var/www/html/src/wfm/Router.php | Строка: 57
[2025-07-08 13:33:57] 
            Текст ошибки: Страница не найдена: img/products/iphone_1.jpg | Файл: /var/www/html/src/wfm/Router.php | Строка: 57
[2025-07-08 13:34:03] 
            Текст ошибки: Страница не найдена: css/main.css | Файл: /var/www/html/src/wfm/Router.php | Строка: 57
[2025-07-08 13:34:03] 
            Текст ошибки: Страница не найдена: img/en.png | Файл: /var/www/html/src/wfm/Router.php | Строка: 57
[2025-07-08 13:34:03] 
            Текст ошибки: Страница не найдена: img/products/apple_cinema_30.jpg | Файл: /var/www/html/src/wfm/Router.php | Строка: 57
[2025-07-08 13:34:03] 
            Текст ошибки: Страница не найдена: img/products/hp_1.jpg | Файл: /var/www/html/src/wfm/Router.php | Строка: 57
[2025-07-08 13:34:03] 
            Текст ошибки: Страница не найдена: img/products/canon_eos_5d_1.jpg | Файл: /var/www/html/src/wfm/Router.php | Строка: 57
[2025-07-08 13:34:03] 
            Текст ошибки: Страница не найдена: img/ru.png | Файл: /var/www/html/src/wfm/Router.php | Строка: 57
[2025-07-08 13:34:03] 
            Текст ошибки: Страница не найдена: bootstrap/js/bootstrap.bundle.min.js | Файл: /var/www/html/src/wfm/Router.php | Строка: 57
[2025-07-08 13:34:03] 
            Текст ошибки: Страница не найдена: img/3.jpg | Файл: /var/www/html/src/wfm/Router.php | Строка: 57
[2025-07-08 13:34:03] 
            Текст ошибки: Страница не найдена: img/products/iphone_1.jpg | Файл: /var/www/html/src/wfm/Router.php | Строка: 57
[2025-07-08 13:34:03] 
            Текст ошибки: Страница не найдена: js/main.js | Файл: /var/www/html/src/wfm/Router.php | Строка: 57
[2025-07-08 13:34:03] 
            Текст ошибки: Страница не найдена: img/1.jpg | Файл: /var/www/html/src/wfm/Router.php | Строка: 57
[2025-07-08 13:34:03] 
            Текст ошибки: Страница не найдена: img/2.jpg | Файл: /var/www/html/src/wfm/Router.php | Строка: 57
[2025-07-08 13:34:03] 
            Текст ошибки: Страница не найдена: img/products/imac_1.jpg | Файл: /var/www/html/src/wfm/Router.php | Строка: 57
[2025-07-08 13:34:03] 
            Текст ошибки: Страница не найдена: img/ru.png | Файл: /var/www/html/src/wfm/Router.php | Строка: 57
[2025-07-08 13:34:03] 
            Текст ошибки: Страница не найдена: css/main.css | Файл: /var/www/html/src/wfm/Router.php | Строка: 57
[2025-07-08 13:34:03] 
            Текст ошибки: Страница не найдена: img/en.png | Файл: /var/www/html/src/wfm/Router.php | Строка: 57
[2025-07-08 13:34:03] 
            Текст ошибки: Страница не найдена: img/products/hp_1.jpg | Файл: /var/www/html/src/wfm/Router.php | Строка: 57
[2025-07-08 13:34:03] 
            Текст ошибки: Страница не найдена: img/products/canon_eos_5d_1.jpg | Файл: /var/www/html/src/wfm/Router.php | Строка: 57
[2025-07-08 13:34:03] 
            Текст ошибки: Страница не найдена: img/products/apple_cinema_30.jpg | Файл: /var/www/html/src/wfm/Router.php | Строка: 57
[2025-07-08 13:34:03] 
            Текст ошибки: Страница не найдена: img/products/iphone_1.jpg | Файл: /var/www/html/src/wfm/Router.php | Строка: 57
[2025-07-08 13:34:03] 
            Текст ошибки: Страница не найдена: bootstrap/js/bootstrap.bundle.min.js | Файл: /var/www/html/src/wfm/Router.php | Строка: 57
[2025-07-08 13:34:03] 
            Текст ошибки: Страница не найдена: img/3.jpg | Файл: /var/www/html/src/wfm/Router.php | Строка: 57
[2025-07-08 13:34:03] 
            Текст ошибки: Страница не найдена: img/1.jpg | Файл: /var/www/html/src/wfm/Router.php | Строка: 57
[2025-07-08 13:34:03] 
            Текст ошибки: Страница не найдена: js/main.js | Файл: /var/www/html/src/wfm/Router.php | Строка: 57
[2025-07-08 13:34:03] 
            Текст ошибки: Страница не найдена: img/2.jpg | Файл: /var/www/html/src/wfm/Router.php | Строка: 57
[2025-07-08 13:34:03] 
            Текст ошибки: Страница не найдена: img/products/imac_1.jpg | Файл: /var/www/html/src/wfm/Router.php | Строка: 57
[2025-07-08 13:35:02] 
            Текст ошибки: Страница не найдена: img/ru.png | Файл: /var/www/html/src/wfm/Router.php | Строка: 57
[2025-07-08 13:35:02] 
            Текст ошибки: Страница не найдена: css/main.css | Файл: /var/www/html/src/wfm/Router.php | Строка: 57
[2025-07-08 13:35:02] 
            Текст ошибки: Страница не найдена: img/products/hp_1.jpg | Файл: /var/www/html/src/wfm/Router.php | Строка: 57
[2025-07-08 13:35:02] 
            Текст ошибки: Страница не найдена: img/products/apple_cinema_30.jpg | Файл: /var/www/html/src/wfm/Router.php | Строка: 57
[2025-07-08 13:35:02] 
            Текст ошибки: Страница не найдена: img/products/canon_eos_5d_1.jpg | Файл: /var/www/html/src/wfm/Router.php | Строка: 57
[2025-07-08 13:35:02] 
            Текст ошибки: Страница не найдена: bootstrap/js/bootstrap.bundle.min.js | Файл: /var/www/html/src/wfm/Router.php | Строка: 57
[2025-07-08 13:35:02] 
            Текст ошибки: Страница не найдена: img/en.png | Файл: /var/www/html/src/wfm/Router.php | Строка: 57
[2025-07-08 13:35:02] 
            Текст ошибки: Страница не найдена: img/1.jpg | Файл: /var/www/html/src/wfm/Router.php | Строка: 57
[2025-07-08 13:35:02] 
            Текст ошибки: Страница не найдена: img/2.jpg | Файл: /var/www/html/src/wfm/Router.php | Строка: 57
[2025-07-08 13:35:02] 
            Текст ошибки: Страница не найдена: js/main.js | Файл: /var/www/html/src/wfm/Router.php | Строка: 57
[2025-07-08 13:35:02] 
            Текст ошибки: Страница не найдена: img/3.jpg | Файл: /var/www/html/src/wfm/Router.php | Строка: 57
[2025-07-08 13:35:02] 
            Текст ошибки: Страница не найдена: img/products/iphone_1.jpg | Файл: /var/www/html/src/wfm/Router.php | Строка: 57
[2025-07-08 13:35:02] 
            Текст ошибки: Страница не найдена: img/products/imac_1.jpg | Файл: /var/www/html/src/wfm/Router.php | Строка: 57
[2025-07-08 13:36:31] 
            Текст ошибки: Страница не найдена: img/ru.png | Файл: /var/www/html/src/wfm/Router.php | Строка: 57
[2025-07-08 13:36:31] 
            Текст ошибки: Страница не найдена: img/products/canon_eos_5d_1.jpg | Файл: /var/www/html/src/wfm/Router.php | Строка: 57
[2025-07-08 13:36:31] 
            Текст ошибки: Страница не найдена: img/en.png | Файл: /var/www/html/src/wfm/Router.php | Строка: 57
[2025-07-08 13:36:31] 
            Текст ошибки: Страница не найдена: img/products/hp_1.jpg | Файл: /var/www/html/src/wfm/Router.php | Строка: 57
[2025-07-08 13:36:31] 
            Текст ошибки: Страница не найдена: img/products/apple_cinema_30.jpg | Файл: /var/www/html/src/wfm/Router.php | Строка: 57
[2025-07-08 13:36:31] 
            Текст ошибки: Страница не найдена: img/3.jpg | Файл: /var/www/html/src/wfm/Router.php | Строка: 57
[2025-07-08 13:36:31] 
            Текст ошибки: Страница не найдена: bootstrap/js/bootstrap.bundle.min.js | Файл: /var/www/html/src/wfm/Router.php | Строка: 57
[2025-07-08 13:36:31] 
            Текст ошибки: Страница не найдена: img/1.jpg | Файл: /var/www/html/src/wfm/Router.php | Строка: 57
[2025-07-08 13:36:31] 
            Текст ошибки: Страница не найдена: img/2.jpg | Файл: /var/www/html/src/wfm/Router.php | Строка: 57
[2025-07-08 13:36:31] 
            Текст ошибки: Страница не найдена: img/products/iphone_1.jpg | Файл: /var/www/html/src/wfm/Router.php | Строка: 57
[2025-07-08 13:36:31] 
            Текст ошибки: Страница не найдена: js/main.js | Файл: /var/www/html/src/wfm/Router.php | Строка: 57
[2025-07-08 13:36:31] 
            Текст ошибки: Страница не найдена: img/products/imac_1.jpg | Файл: /var/www/html/src/wfm/Router.php | Строка: 57
[2025-07-08 13:36:41] 
            Текст ошибки: Страница не найдена: bootstrap/js/bootstrap.bundle.min.js | Файл: /var/www/html/src/wfm/Router.php | Строка: 57
[2025-07-08 13:36:41] 
            Текст ошибки: Страница не найдена: img/en.png | Файл: /var/www/html/src/wfm/Router.php | Строка: 57
[2025-07-08 13:36:41] 
            Текст ошибки: Страница не найдена: img/products/apple_cinema_30.jpg | Файл: /var/www/html/src/wfm/Router.php | Строка: 57
[2025-07-08 13:36:41] 
            Текст ошибки: Страница не найдена: img/products/canon_eos_5d_1.jpg | Файл: /var/www/html/src/wfm/Router.php | Строка: 57
[2025-07-08 13:36:41] 
            Текст ошибки: Страница не найдена: img/products/hp_1.jpg | Файл: /var/www/html/src/wfm/Router.php | Строка: 57
[2025-07-08 13:36:41] 
            Текст ошибки: Страница не найдена: img/ru.png | Файл: /var/www/html/src/wfm/Router.php | Строка: 57
[2025-07-08 13:36:41] 
            Текст ошибки: Страница не найдена: img/2.jpg | Файл: /var/www/html/src/wfm/Router.php | Строка: 57
[2025-07-08 13:36:41] 
            Текст ошибки: Страница не найдена: img/products/imac_1.jpg | Файл: /var/www/html/src/wfm/Router.php | Строка: 57
[2025-07-08 13:36:41] 
            Текст ошибки: Страница не найдена: img/3.jpg | Файл: /var/www/html/src/wfm/Router.php | Строка: 57
[2025-07-08 13:36:41] 
            Текст ошибки: Страница не найдена: img/1.jpg | Файл: /var/www/html/src/wfm/Router.php | Строка: 57
[2025-07-08 13:36:41] 
            Текст ошибки: Страница не найдена: img/products/iphone_1.jpg | Файл: /var/www/html/src/wfm/Router.php | Строка: 57
[2025-07-08 13:36:41] 
            Текст ошибки: Страница не найдена: js/main.js | Файл: /var/www/html/src/wfm/Router.php | Строка: 57
[2025-07-08 13:37:18] 
            Текст ошибки: Страница не найдена: img/products/canon_eos_5d_1.jpg | Файл: /var/www/html/src/wfm/Router.php | Строка: 57
[2025-07-08 13:37:18] 
            Текст ошибки: Страница не найдена: img/2.jpg | Файл: /var/www/html/src/wfm/Router.php | Строка: 57
[2025-07-08 13:37:18] 
            Текст ошибки: Страница не найдена: img/ru.png | Файл: /var/www/html/src/wfm/Router.php | Строка: 57
[2025-07-08 13:37:18] 
            Текст ошибки: Страница не найдена: img/3.jpg | Файл: /var/www/html/src/wfm/Router.php | Строка: 57
[2025-07-08 13:37:18] 
            Текст ошибки: Страница не найдена: img/products/iphone_1.jpg | Файл: /var/www/html/src/wfm/Router.php | Строка: 57
[2025-07-08 13:37:18] 
            Текст ошибки: Страница не найдена: img/products/apple_cinema_30.jpg | Файл: /var/www/html/src/wfm/Router.php | Строка: 57
[2025-07-08 13:37:18] 
            Текст ошибки: Страница не найдена: img/products/imac_1.jpg | Файл: /var/www/html/src/wfm/Router.php | Строка: 57
[2025-07-08 13:37:18] 
            Текст ошибки: Страница не найдена: img/1.jpg | Файл: /var/www/html/src/wfm/Router.php | Строка: 57
[2025-07-08 13:37:18] 
            Текст ошибки: Страница не найдена: img/products/hp_1.jpg | Файл: /var/www/html/src/wfm/Router.php | Строка: 57
[2025-07-08 13:37:18] 
            Текст ошибки: Страница не найдена: img/en.png | Файл: /var/www/html/src/wfm/Router.php | Строка: 57
[2025-07-08 13:37:18] 
            Текст ошибки: Страница не найдена: bootstrap/js/bootstrap.bundle.min.js | Файл: /var/www/html/src/wfm/Router.php | Строка: 57
[2025-07-08 13:37:18] 
            Текст ошибки: Страница не найдена: js/main.js | Файл: /var/www/html/src/wfm/Router.php | Строка: 57
[2025-07-08 13:38:19] 
            Текст ошибки: Страница не найдена: img/ru.png | Файл: /var/www/html/src/wfm/Router.php | Строка: 57
[2025-07-08 13:38:19] 
            Текст ошибки: Страница не найдена: img/1.jpg | Файл: /var/www/html/src/wfm/Router.php | Строка: 57
[2025-07-08 13:38:19] 
            Текст ошибки: Страница не найдена: img/en.png | Файл: /var/www/html/src/wfm/Router.php | Строка: 57
[2025-07-08 13:38:19] 
            Текст ошибки: Страница не найдена: img/2.jpg | Файл: /var/www/html/src/wfm/Router.php | Строка: 57
[2025-07-08 13:38:19] 
            Текст ошибки: Страница не найдена: img/3.jpg | Файл: /var/www/html/src/wfm/Router.php | Строка: 57
[2025-07-08 13:40:05] 
            Текст ошибки: Страница не найдена: img/3.jpg | Файл: /var/www/html/src/wfm/Router.php | Строка: 57
[2025-07-08 13:40:05] 
            Текст ошибки: Страница не найдена: img/1.jpg | Файл: /var/www/html/src/wfm/Router.php | Строка: 57
[2025-07-08 13:40:05] 
            Текст ошибки: Страница не найдена: img/en.png | Файл: /var/www/html/src/wfm/Router.php | Строка: 57
[2025-07-08 13:40:05] 
            Текст ошибки: Страница не найдена: img/ru.png | Файл: /var/www/html/src/wfm/Router.php | Строка: 57
[2025-07-08 13:40:05] 
            Текст ошибки: Страница не найдена: img/2.jpg | Файл: /var/www/html/src/wfm/Router.php | Строка: 57
[2025-07-08 13:41:23] 
            Текст ошибки: Страница не найдена: img/ru.png | Файл: /var/www/html/src/wfm/Router.php | Строка: 57
[2025-07-08 13:41:23] 
            Текст ошибки: Страница не найдена: img/1.jpg | Файл: /var/www/html/src/wfm/Router.php | Строка: 57
[2025-07-08 13:41:23] 
            Текст ошибки: Страница не найдена: img/3.jpg | Файл: /var/www/html/src/wfm/Router.php | Строка: 57
[2025-07-08 13:41:23] 
            Текст ошибки: Страница не найдена: img/2.jpg | Файл: /var/www/html/src/wfm/Router.php | Строка: 57
[2025-07-08 13:41:23] 
            Текст ошибки: Страница не найдена: img/en.png | Файл: /var/www/html/src/wfm/Router.php | Строка: 57
[2025-07-08 13:45:29] 
            Текст ошибки: Страница не найдена: favicon.ico | Файл: /var/www/html/src/wfm/Router.php | Строка: 57
[2025-07-08 13:45:29] 
            Текст ошибки: Страница не найдена: favicon.ico | Файл: /var/www/html/src/wfm/Router.php | Строка: 57
[2025-07-08 13:51:33] 
            Текст ошибки: Страница не найдена: favicon.ico | Файл: /var/www/html/src/wfm/Router.php | Строка: 57
[2025-07-08 13:51:33] 
            Текст ошибки: Страница не найдена: favicon.ico | Файл: /var/www/html/src/wfm/Router.php | Строка: 57
[2025-07-08 13:51:58] 
            Текст ошибки: Страница не найдена: favicon.ico | Файл: /var/www/html/src/wfm/Router.php | Строка: 57
[2025-07-08 13:51:58] 
            Текст ошибки: Страница не найдена: favicon.ico | Файл: /var/www/html/src/wfm/Router.php | Строка: 57
[2025-07-08 13:55:32] 
            Текст ошибки: Страница не найдена: favicon.ico | Файл: /var/www/html/src/wfm/Router.php | Строка: 57
[2025-07-08 13:55:32] 
            Текст ошибки: Страница не найдена: favicon.ico | Файл: /var/www/html/src/wfm/Router.php | Строка: 57
[2025-07-08 13:57:57] 
            Текст ошибки: Страница не найдена: favicon.ico | Файл: /var/www/html/src/wfm/Router.php | Строка: 57
[2025-07-08 13:57:57] 
            Текст ошибки: Страница не найдена: favicon.ico | Файл: /var/www/html/src/wfm/Router.php | Строка: 57
[2025-07-08 13:58:00] 
            Текст ошибки: Страница не найдена: index.html | Файл: /var/www/html/src/wfm/Router.php | Строка: 57
[2025-07-08 13:58:04] 
            Текст ошибки: Страница не найдена: favicon.ico | Файл: /var/www/html/src/wfm/Router.php | Строка: 57
[2025-07-08 13:58:04] 
            Текст ошибки: Страница не найдена: favicon.ico | Файл: /var/www/html/src/wfm/Router.php | Строка: 57
[2025-07-08 13:58:04] 
            Текст ошибки: Страница не найдена: favicon.ico | Файл: /var/www/html/src/wfm/Router.php | Строка: 57
[2025-07-08 13:58:04] 
            Текст ошибки: Страница не найдена: favicon.ico | Файл: /var/www/html/src/wfm/Router.php | Строка: 57
[2025-07-08 13:58:06] 
            Текст ошибки: Страница не найдена: favicon.ico | Файл: /var/www/html/src/wfm/Router.php | Строка: 57
[2025-07-08 13:58:06] 
            Текст ошибки: Страница не найдена: favicon.ico | Файл: /var/www/html/src/wfm/Router.php | Строка: 57
[2025-07-08 14:01:23] 
            Текст ошибки: Страница не найдена: .well-known/appspecific/com.chrome.devtools.json | Файл: /var/www/html/src/wfm/Router.php | Строка: 57
[2025-07-08 14:02:12] 
            Текст ошибки: Страница не найдена: .well-known/appspecific/com.chrome.devtools.json | Файл: /var/www/html/src/wfm/Router.php | Строка: 57
[2025-07-08 14:02:18] 
            Текст ошибки: Страница не найдена: .well-known/appspecific/com.chrome.devtools.json | Файл: /var/www/html/src/wfm/Router.php | Строка: 57
[2025-07-08 14:02:18] 
            Текст ошибки: Страница не найдена: favicon.ico | Файл: /var/www/html/src/wfm/Router.php | Строка: 57
[2025-07-08 14:02:18] 
            Текст ошибки: Страница не найдена: favicon.ico | Файл: /var/www/html/src/wfm/Router.php | Строка: 57
[2025-07-08 14:03:03] 
            Текст ошибки: Страница не найдена: .well-known/appspecific/com.chrome.devtools.json | Файл: /var/www/html/src/wfm/Router.php | Строка: 57
[2025-07-08 14:03:03] 
            Текст ошибки: Страница не найдена: favicon.ico | Файл: /var/www/html/src/wfm/Router.php | Строка: 57
[2025-07-08 14:03:03] 
            Текст ошибки: Страница не найдена: favicon.ico | Файл: /var/www/html/src/wfm/Router.php | Строка: 57
[2025-07-08 14:04:41] 
            Текст ошибки: Страница не найдена: favicon.ico | Файл: /var/www/html/src/wfm/Router.php | Строка: 57
[2025-07-08 14:04:41] 
            Текст ошибки: Страница не найдена: favicon.ico | Файл: /var/www/html/src/wfm/Router.php | Строка: 57
[2025-07-08 14:07:27] 
            Текст ошибки: Страница не найдена: category.html | Файл: /var/www/html/src/wfm/Router.php | Строка: 57
[2025-07-08 14:07:27] 
            Текст ошибки: Страница не найдена: favicon.ico | Файл: /var/www/html/src/wfm/Router.php | Строка: 57
[2025-07-08 14:07:27] 
            Текст ошибки: Страница не найдена: favicon.ico | Файл: /var/www/html/src/wfm/Router.php | Строка: 57
[2025-07-08 14:19:04] 
            Текст ошибки: require_once(app/views/parts/header.php): Failed to open stream: No such file or directory | Файл: /var/www/html/app/views/layouts/ishop.php | Строка: 23
[2025-07-08 14:19:56] 
            Текст ошибки: require_once(app/views/parts/header.php): Failed to open stream: No such file or directory | Файл: /var/www/html/app/views/layouts/ishop.php | Строка: 23
[2025-07-08 14:20:48] 
            Текст ошибки: require_once(app/views/parts/header): Failed to open stream: No such file or directory | Файл: /var/www/html/app/views/layouts/ishop.php | Строка: 23
[2025-07-08 14:26:41] 
            Текст ошибки: Страница не найдена: category.html | Файл: /var/www/html/src/wfm/Router.php | Строка: 57
[2025-07-08 14:26:41] 
            Текст ошибки: Страница не найдена: favicon.ico | Файл: /var/www/html/src/wfm/Router.php | Строка: 57
[2025-07-08 14:26:41] 
            Текст ошибки: Страница не найдена: favicon.ico | Файл: /var/www/html/src/wfm/Router.php | Строка: 57
[2025-07-08 14:39:15] 
            Текст ошибки: Страница не найдена: favicon.ico | Файл: /var/www/html/src/wfm/Router.php | Строка: 57
[2025-07-08 14:39:16] 
            Текст ошибки: Страница не найдена: favicon.ico | Файл: /var/www/html/src/wfm/Router.php | Строка: 57
[2025-07-08 15:03:12] 
            Текст ошибки: Страница не найдена: category.html | Файл: /var/www/html/src/wfm/Router.php | Строка: 57
[2025-07-08 15:03:12] 
            Текст ошибки: Страница не найдена: favicon.ico | Файл: /var/www/html/src/wfm/Router.php | Строка: 57
[2025-07-08 15:03:12] 
            Текст ошибки: Страница не найдена: favicon.ico | Файл: /var/www/html/src/wfm/Router.php | Строка: 57
[2025-07-08 15:16:44] 
            Текст ошибки: Call to a member function find() on null | Файл: /var/www/html/vendor/gabordemooij/redbean/RedBeanPHP/Facade.php | Строка: 1054
[2025-07-08 15:16:44] 
            Текст ошибки: Страница не найдена: favicon.ico | Файл: /var/www/html/src/wfm/Router.php | Строка: 57
[2025-07-08 15:16:44] 
            Текст ошибки: Страница не найдена: favicon.ico | Файл: /var/www/html/src/wfm/Router.php | Строка: 57
[2025-07-08 15:16:47] 
            Текст ошибки: Call to a member function find() on null | Файл: /var/www/html/vendor/gabordemooij/redbean/RedBeanPHP/Facade.php | Строка: 1054
[2025-07-08 15:17:06] 
            Текст ошибки: Call to a member function find() on null | Файл: /var/www/html/vendor/gabordemooij/redbean/RedBeanPHP/Facade.php | Строка: 1054
[2025-07-08 15:17:07] 
            Текст ошибки: Call to a member function find() on null | Файл: /var/www/html/vendor/gabordemooij/redbean/RedBeanPHP/Facade.php | Строка: 1054
[2025-07-08 15:17:08] 
            Текст ошибки: Call to a member function find() on null | Файл: /var/www/html/vendor/gabordemooij/redbean/RedBeanPHP/Facade.php | Строка: 1054
[2025-07-08 15:17:08] 
            Текст ошибки: Call to a member function find() on null | Файл: /var/www/html/vendor/gabordemooij/redbean/RedBeanPHP/Facade.php | Строка: 1054
[2025-07-08 15:17:08] 
            Текст ошибки: Call to a member function find() on null | Файл: /var/www/html/vendor/gabordemooij/redbean/RedBeanPHP/Facade.php | Строка: 1054
[2025-07-08 15:17:08] 
            Текст ошибки: Call to a member function find() on null | Файл: /var/www/html/vendor/gabordemooij/redbean/RedBeanPHP/Facade.php | Строка: 1054
[2025-07-08 15:17:08] 
            Текст ошибки: Call to a member function find() on null | Файл: /var/www/html/vendor/gabordemooij/redbean/RedBeanPHP/Facade.php | Строка: 1054
[2025-07-08 15:17:08] 
            Текст ошибки: Call to a member function find() on null | Файл: /var/www/html/vendor/gabordemooij/redbean/RedBeanPHP/Facade.php | Строка: 1054
[2025-07-08 15:17:09] 
            Текст ошибки: Call to a member function find() on null | Файл: /var/www/html/vendor/gabordemooij/redbean/RedBeanPHP/Facade.php | Строка: 1054
[2025-07-08 15:17:09] 
            Текст ошибки: Call to a member function find() on null | Файл: /var/www/html/vendor/gabordemooij/redbean/RedBeanPHP/Facade.php | Строка: 1054
[2025-07-08 15:17:09] 
            Текст ошибки: Call to a member function find() on null | Файл: /var/www/html/vendor/gabordemooij/redbean/RedBeanPHP/Facade.php | Строка: 1054
[2025-07-08 15:17:09] 
            Текст ошибки: Call to a member function find() on null | Файл: /var/www/html/vendor/gabordemooij/redbean/RedBeanPHP/Facade.php | Строка: 1054
[2025-07-08 15:17:09] 
            Текст ошибки: Call to a member function find() on null | Файл: /var/www/html/vendor/gabordemooij/redbean/RedBeanPHP/Facade.php | Строка: 1054
[2025-07-08 15:17:09] 
            Текст ошибки: Call to a member function find() on null | Файл: /var/www/html/vendor/gabordemooij/redbean/RedBeanPHP/Facade.php | Строка: 1054
[2025-07-08 15:17:10] 
            Текст ошибки: Call to a member function find() on null | Файл: /var/www/html/vendor/gabordemooij/redbean/RedBeanPHP/Facade.php | Строка: 1054
[2025-07-08 15:17:10] 
            Текст ошибки: Call to a member function find() on null | Файл: /var/www/html/vendor/gabordemooij/redbean/RedBeanPHP/Facade.php | Строка: 1054
[2025-07-08 15:17:10] 
            Текст ошибки: Call to a member function find() on null | Файл: /var/www/html/vendor/gabordemooij/redbean/RedBeanPHP/Facade.php | Строка: 1054
[2025-07-08 15:17:10] 
            Текст ошибки: Call to a member function find() on null | Файл: /var/www/html/vendor/gabordemooij/redbean/RedBeanPHP/Facade.php | Строка: 1054
[2025-07-08 15:17:10] 
            Текст ошибки: Call to a member function find() on null | Файл: /var/www/html/vendor/gabordemooij/redbean/RedBeanPHP/Facade.php | Строка: 1054
[2025-07-08 15:17:10] 
            Текст ошибки: Call to a member function find() on null | Файл: /var/www/html/vendor/gabordemooij/redbean/RedBeanPHP/Facade.php | Строка: 1054
[2025-07-08 15:17:10] 
            Текст ошибки: Call to a member function find() on null | Файл: /var/www/html/vendor/gabordemooij/redbean/RedBeanPHP/Facade.php | Строка: 1054
[2025-07-08 15:17:11] 
            Текст ошибки: Call to a member function find() on null | Файл: /var/www/html/vendor/gabordemooij/redbean/RedBeanPHP/Facade.php | Строка: 1054
[2025-07-08 15:17:11] 
            Текст ошибки: Call to a member function find() on null | Файл: /var/www/html/vendor/gabordemooij/redbean/RedBeanPHP/Facade.php | Строка: 1054
[2025-07-08 15:17:11] 
            Текст ошибки: Call to a member function find() on null | Файл: /var/www/html/vendor/gabordemooij/redbean/RedBeanPHP/Facade.php | Строка: 1054
[2025-07-08 15:17:11] 
            Текст ошибки: Call to a member function find() on null | Файл: /var/www/html/vendor/gabordemooij/redbean/RedBeanPHP/Facade.php | Строка: 1054
[2025-07-08 15:17:11] 
            Текст ошибки: Call to a member function find() on null | Файл: /var/www/html/vendor/gabordemooij/redbean/RedBeanPHP/Facade.php | Строка: 1054
[2025-07-08 15:17:11] 
            Текст ошибки: Call to a member function find() on null | Файл: /var/www/html/vendor/gabordemooij/redbean/RedBeanPHP/Facade.php | Строка: 1054
[2025-07-08 15:17:12] 
            Текст ошибки: Call to a member function find() on null | Файл: /var/www/html/vendor/gabordemooij/redbean/RedBeanPHP/Facade.php | Строка: 1054
[2025-07-08 15:17:12] 
            Текст ошибки: Call to a member function find() on null | Файл: /var/www/html/vendor/gabordemooij/redbean/RedBeanPHP/Facade.php | Строка: 1054
[2025-07-08 15:17:25] 
            Текст ошибки: Call to a member function find() on null | Файл: /var/www/html/vendor/gabordemooij/redbean/RedBeanPHP/Facade.php | Строка: 1054
[2025-07-08 15:17:26] 
            Текст ошибки: Call to a member function find() on null | Файл: /var/www/html/vendor/gabordemooij/redbean/RedBeanPHP/Facade.php | Строка: 1054
[2025-07-08 15:17:27] 
            Текст ошибки: Call to a member function find() on null | Файл: /var/www/html/vendor/gabordemooij/redbean/RedBeanPHP/Facade.php | Строка: 1054
[2025-07-08 15:17:27] 
            Текст ошибки: Call to a member function find() on null | Файл: /var/www/html/vendor/gabordemooij/redbean/RedBeanPHP/Facade.php | Строка: 1054
[2025-07-08 15:17:27] 
            Текст ошибки: Call to a member function find() on null | Файл: /var/www/html/vendor/gabordemooij/redbean/RedBeanPHP/Facade.php | Строка: 1054
[2025-07-08 15:17:27] 
            Текст ошибки: Call to a member function find() on null | Файл: /var/www/html/vendor/gabordemooij/redbean/RedBeanPHP/Facade.php | Строка: 1054
[2025-07-08 15:17:27] 
            Текст ошибки: Call to a member function find() on null | Файл: /var/www/html/vendor/gabordemooij/redbean/RedBeanPHP/Facade.php | Строка: 1054
[2025-07-08 15:17:27] 
            Текст ошибки: Call to a member function find() on null | Файл: /var/www/html/vendor/gabordemooij/redbean/RedBeanPHP/Facade.php | Строка: 1054
[2025-07-08 15:17:27] 
            Текст ошибки: Call to a member function find() on null | Файл: /var/www/html/vendor/gabordemooij/redbean/RedBeanPHP/Facade.php | Строка: 1054
[2025-07-08 15:17:28] 
            Текст ошибки: Call to a member function find() on null | Файл: /var/www/html/vendor/gabordemooij/redbean/RedBeanPHP/Facade.php | Строка: 1054
[2025-07-08 15:17:28] 
            Текст ошибки: Call to a member function find() on null | Файл: /var/www/html/vendor/gabordemooij/redbean/RedBeanPHP/Facade.php | Строка: 1054
[2025-07-08 15:17:28] 
            Текст ошибки: Call to a member function find() on null | Файл: /var/www/html/vendor/gabordemooij/redbean/RedBeanPHP/Facade.php | Строка: 1054
[2025-07-08 15:17:28] 
            Текст ошибки: Call to a member function find() on null | Файл: /var/www/html/vendor/gabordemooij/redbean/RedBeanPHP/Facade.php | Строка: 1054
[2025-07-08 15:17:28] 
            Текст ошибки: Call to a member function find() on null | Файл: /var/www/html/vendor/gabordemooij/redbean/RedBeanPHP/Facade.php | Строка: 1054
[2025-07-08 15:17:28] 
            Текст ошибки: Call to a member function find() on null | Файл: /var/www/html/vendor/gabordemooij/redbean/RedBeanPHP/Facade.php | Строка: 1054
[2025-07-08 15:17:29] 
            Текст ошибки: Call to a member function find() on null | Файл: /var/www/html/vendor/gabordemooij/redbean/RedBeanPHP/Facade.php | Строка: 1054
[2025-07-08 15:17:29] 
            Текст ошибки: Call to a member function find() on null | Файл: /var/www/html/vendor/gabordemooij/redbean/RedBeanPHP/Facade.php | Строка: 1054
[2025-07-08 15:17:30] 
            Текст ошибки: Call to a member function find() on null | Файл: /var/www/html/vendor/gabordemooij/redbean/RedBeanPHP/Facade.php | Строка: 1054
[2025-07-08 15:17:30] 
            Текст ошибки: Call to a member function find() on null | Файл: /var/www/html/vendor/gabordemooij/redbean/RedBeanPHP/Facade.php | Строка: 1054
[2025-07-08 15:17:31] 
            Текст ошибки: Call to a member function find() on null | Файл: /var/www/html/vendor/gabordemooij/redbean/RedBeanPHP/Facade.php | Строка: 1054
[2025-07-08 15:17:31] 
            Текст ошибки: Call to a member function find() on null | Файл: /var/www/html/vendor/gabordemooij/redbean/RedBeanPHP/Facade.php | Строка: 1054
[2025-07-08 15:20:56] 
            Текст ошибки: syntax error, unexpected end of file, expecting "elseif" or "else" or "endif" | Файл: /var/www/html/app/views/Main/index.php | Строка: 196
[2025-07-08 15:30:23] 
            Текст ошибки: syntax error, unexpected variable "$i", expecting "(" | Файл: /var/www/html/app/views/Main/index.php | Строка: 11
[2025-07-08 15:31:39] 
            Текст ошибки: Страница не найдена: public/uploads/images/slider/1.jpg | Файл: /var/www/html/src/wfm/Router.php | Строка: 57
[2025-07-08 15:31:39] 
            Текст ошибки: Страница не найдена: public/uploads/images/slider/2.jpg | Файл: /var/www/html/src/wfm/Router.php | Строка: 57
[2025-07-08 15:31:39] 
            Текст ошибки: Страница не найдена: public/uploads/images/slider/3.jpg | Файл: /var/www/html/src/wfm/Router.php | Строка: 57
[2025-07-08 15:31:45] 
            Текст ошибки: Страница не найдена: public/uploads/images/slider/3.jpg | Файл: /var/www/html/src/wfm/Router.php | Строка: 57
[2025-07-08 15:31:45] 
            Текст ошибки: Страница не найдена: public/uploads/images/slider/1.jpg | Файл: /var/www/html/src/wfm/Router.php | Строка: 57
[2025-07-08 15:31:45] 
            Текст ошибки: Страница не найдена: public/uploads/images/slider/2.jpg | Файл: /var/www/html/src/wfm/Router.php | Строка: 57
[2025-07-08 15:36:30] 
            Текст ошибки: Страница не найдена: public/uploads/images/slider/2.jpg | Файл: /var/www/html/src/wfm/Router.php | Строка: 57
[2025-07-08 15:36:30] 
            Текст ошибки: Страница не найдена: public/uploads/images/slider/1.jpg | Файл: /var/www/html/src/wfm/Router.php | Строка: 57
[2025-07-08 15:36:30] 
            Текст ошибки: Страница не найдена: public/uploads/images/slider/3.jpg | Файл: /var/www/html/src/wfm/Router.php | Строка: 57
[2025-07-08 15:36:34] 
            Текст ошибки: Страница не найдена: public/uploads/images/slider/1.jpg | Файл: /var/www/html/src/wfm/Router.php | Строка: 57
[2025-07-08 15:36:34] 
            Текст ошибки: Страница не найдена: public/uploads/images/slider/2.jpg | Файл: /var/www/html/src/wfm/Router.php | Строка: 57
[2025-07-08 15:36:34] 
            Текст ошибки: Страница не найдена: public/uploads/images/slider/3.jpg | Файл: /var/www/html/src/wfm/Router.php | Строка: 57
[2025-07-08 15:36:34] 
            Текст ошибки: Страница не найдена: public/uploads/images/slider/1.jpg | Файл: /var/www/html/src/wfm/Router.php | Строка: 57
[2025-07-08 15:36:34] 
            Текст ошибки: Страница не найдена: public/uploads/images/slider/3.jpg | Файл: /var/www/html/src/wfm/Router.php | Строка: 57
[2025-07-08 15:36:34] 
            Текст ошибки: Страница не найдена: public/uploads/images/slider/2.jpg | Файл: /var/www/html/src/wfm/Router.php | Строка: 57
[2025-07-08 15:36:51] 
            Текст ошибки: Страница не найдена: public/uploads/images/slider/2.jpg | Файл: /var/www/html/src/wfm/Router.php | Строка: 57
[2025-07-08 15:36:51] 
            Текст ошибки: Страница не найдена: public/uploads/images/slider/1.jpg | Файл: /var/www/html/src/wfm/Router.php | Строка: 57
[2025-07-08 15:36:51] 
            Текст ошибки: Страница не найдена: public/uploads/images/slider/3.jpg | Файл: /var/www/html/src/wfm/Router.php | Строка: 57
[2025-07-08 15:36:51] 
            Текст ошибки: Страница не найдена: favicon.ico | Файл: /var/www/html/src/wfm/Router.php | Строка: 57
[2025-07-08 15:36:51] 
            Текст ошибки: Страница не найдена: favicon.ico | Файл: /var/www/html/src/wfm/Router.php | Строка: 57
[2025-07-08 15:39:01] 
            Текст ошибки: Страница не найдена: public/uploads/images/slider/1.jpg | Файл: /var/www/html/src/wfm/Router.php | Строка: 57
[2025-07-08 15:39:01] 
            Текст ошибки: Страница не найдена: public/uploads/images/slider/3.jpg | Файл: /var/www/html/src/wfm/Router.php | Строка: 57
[2025-07-08 15:39:01] 
            Текст ошибки: Страница не найдена: public/uploads/images/slider/2.jpg | Файл: /var/www/html/src/wfm/Router.php | Строка: 57
[2025-07-08 15:39:01] 
            Текст ошибки: Страница не найдена: favicon.ico | Файл: /var/www/html/src/wfm/Router.php | Строка: 57
[2025-07-08 15:39:01] 
            Текст ошибки: Страница не найдена: favicon.ico | Файл: /var/www/html/src/wfm/Router.php | Строка: 57
[2025-07-08 15:39:29] 
            Текст ошибки: Страница не найдена: public/uploads/images/slider/2.jpg | Файл: /var/www/html/src/wfm/Router.php | Строка: 57
[2025-07-08 15:39:29] 
            Текст ошибки: Страница не найдена: public/uploads/images/slider/1.jpg | Файл: /var/www/html/src/wfm/Router.php | Строка: 57
[2025-07-08 15:39:29] 
            Текст ошибки: Страница не найдена: public/uploads/images/slider/3.jpg | Файл: /var/www/html/src/wfm/Router.php | Строка: 57
[2025-07-08 15:40:55] 
            Текст ошибки: Страница не найдена: .well-known/appspecific/com.chrome.devtools.json | Файл: /var/www/html/src/wfm/Router.php | Строка: 57
[2025-07-08 16:36:20] 
            Текст ошибки: Typed property Wfm\Controller::$model must not be accessed before initialization | Файл: /var/www/html/app/Controllers/MainController.php | Строка: 14
[2025-07-08 16:36:20] 
            Текст ошибки: Страница не найдена: favicon.ico | Файл: /var/www/html/src/wfm/Router.php | Строка: 57
[2025-07-08 16:36:20] 
            Текст ошибки: Страница не найдена: favicon.ico | Файл: /var/www/html/src/wfm/Router.php | Строка: 57
[2025-07-08 16:37:30] 
            Текст ошибки: Default value for property of type object may not be null. Use the nullable type ?object to allow null default value | Файл: /var/www/html/src/wfm/Controller.php | Строка: 11
[2025-07-08 16:38:09] 
            Текст ошибки: Call to a member function get_hits() on null | Файл: /var/www/html/app/Controllers/MainController.php | Строка: 14
[2025-07-08 16:39:26] 
            Текст ошибки: Call to a member function get_hits() on null | Файл: /var/www/html/app/Controllers/MainController.php | Строка: 14
[2025-07-08 16:39:27] 
            Текст ошибки: Call to a member function get_hits() on null | Файл: /var/www/html/app/Controllers/MainController.php | Строка: 14
[2025-07-08 16:39:28] 
            Текст ошибки: Call to a member function get_hits() on null | Файл: /var/www/html/app/Controllers/MainController.php | Строка: 14
[2025-07-08 16:44:14] 
            Текст ошибки: Call to a member function get_hits() on null | Файл: /var/www/html/app/Controllers/MainController.php | Строка: 15
[2025-07-08 16:44:15] 
            Текст ошибки: Call to a member function get_hits() on null | Файл: /var/www/html/app/Controllers/MainController.php | Строка: 15
[2025-07-08 16:45:02] 
            Текст ошибки: Call to a member function get_hits() on null | Файл: /var/www/html/app/Controllers/MainController.php | Строка: 15
[2025-07-08 16:45:41] 
            Текст ошибки: Trying to access array offset on value of type bool | Файл: /var/www/html/src/wfm/Db.php | Строка: 15
[2025-07-08 16:46:29] 
            Текст ошибки: A database has already been specified for this key. | Файл: /var/www/html/vendor/gabordemooij/redbean/RedBeanPHP/Facade.php | Строка: 444
[2025-07-08 16:47:14] 
            Текст ошибки: A database has already been specified for this key. | Файл: /var/www/html/vendor/gabordemooij/redbean/RedBeanPHP/Facade.php | Строка: 444
[2025-07-08 16:47:15] 
            Текст ошибки: A database has already been specified for this key. | Файл: /var/www/html/vendor/gabordemooij/redbean/RedBeanPHP/Facade.php | Строка: 444
[2025-07-08 16:47:16] 
            Текст ошибки: A database has already been specified for this key. | Файл: /var/www/html/vendor/gabordemooij/redbean/RedBeanPHP/Facade.php | Строка: 444
[2025-07-08 16:47:16] 
            Текст ошибки: A database has already been specified for this key. | Файл: /var/www/html/vendor/gabordemooij/redbean/RedBeanPHP/Facade.php | Строка: 444
[2025-07-08 16:47:16] 
            Текст ошибки: A database has already been specified for this key. | Файл: /var/www/html/vendor/gabordemooij/redbean/RedBeanPHP/Facade.php | Строка: 444
[2025-07-08 16:47:16] 
            Текст ошибки: A database has already been specified for this key. | Файл: /var/www/html/vendor/gabordemooij/redbean/RedBeanPHP/Facade.php | Строка: 444
[2025-07-08 16:47:17] 
            Текст ошибки: A database has already been specified for this key. | Файл: /var/www/html/vendor/gabordemooij/redbean/RedBeanPHP/Facade.php | Строка: 444
[2025-07-08 16:47:17] 
            Текст ошибки: A database has already been specified for this key. | Файл: /var/www/html/vendor/gabordemooij/redbean/RedBeanPHP/Facade.php | Строка: 444
[2025-07-08 16:47:17] 
            Текст ошибки: A database has already been specified for this key. | Файл: /var/www/html/vendor/gabordemooij/redbean/RedBeanPHP/Facade.php | Строка: 444
[2025-07-08 16:47:17] 
            Текст ошибки: A database has already been specified for this key. | Файл: /var/www/html/vendor/gabordemooij/redbean/RedBeanPHP/Facade.php | Строка: 444
[2025-07-08 16:47:18] 
            Текст ошибки: A database has already been specified for this key. | Файл: /var/www/html/vendor/gabordemooij/redbean/RedBeanPHP/Facade.php | Строка: 444
[2025-07-08 16:50:00] 
            Текст ошибки: SQLSTATE[42S22]: Column not found: 1054 Unknown column 'pd.language' in 'where clause' | Файл: /var/www/html/vendor/gabordemooij/redbean/RedBeanPHP/Driver/RPDO.php | Строка: 206
[2025-07-08 16:50:00] 
            Текст ошибки: Страница не найдена: favicon.ico | Файл: /var/www/html/src/wfm/Router.php | Строка: 57
[2025-07-08 16:50:00] 
            Текст ошибки: Страница не найдена: favicon.ico | Файл: /var/www/html/src/wfm/Router.php | Строка: 57
[2025-07-08 16:51:10] 
            Текст ошибки: Страница не найдена: assets/img/products/canon_eos_5d_1.jpg | Файл: /var/www/html/src/wfm/Router.php | Строка: 57
[2025-07-08 16:51:10] 
            Текст ошибки: Страница не найдена: assets/img/products/apple_cinema_30.jpg | Файл: /var/www/html/src/wfm/Router.php | Строка: 57
[2025-07-08 16:51:10] 
            Текст ошибки: Страница не найдена: assets/img/products/hp_1.jpg | Файл: /var/www/html/src/wfm/Router.php | Строка: 57
[2025-07-08 16:51:10] 
            Текст ошибки: Страница не найдена: uploads/godofwarps4 | Файл: /var/www/html/src/wfm/Router.php | Строка: 57
[2025-07-08 16:51:18] 
            Текст ошибки: Контроллер не найден: App\Controllers\ProductController | Файл: /var/www/html/src/wfm/Router.php | Строка: 54
[2025-07-08 16:51:20] 
            Текст ошибки: Страница не найдена: product/the-last-of-us-2 | Файл: /var/www/html/src/wfm/Router.php | Строка: 57
[2025-07-08 16:52:09] 
            Текст ошибки: Страница не найдена: assets/img/products/apple_cinema_30.jpg | Файл: /var/www/html/src/wfm/Router.php | Строка: 57
[2025-07-08 16:52:09] 
            Текст ошибки: Страница не найдена: assets/img/products/canon_eos_5d_1.jpg | Файл: /var/www/html/src/wfm/Router.php | Строка: 57
[2025-07-08 16:52:09] 
            Текст ошибки: Страница не найдена: assets/img/products/hp_1.jpg | Файл: /var/www/html/src/wfm/Router.php | Строка: 57
[2025-07-08 16:52:59] 
            Текст ошибки: Страница не найдена: assets/img/products/canon_eos_5d_1.jpg | Файл: /var/www/html/src/wfm/Router.php | Строка: 57
[2025-07-08 16:52:59] 
            Текст ошибки: Страница не найдена: uploads/ps4slim | Файл: /var/www/html/src/wfm/Router.php | Строка: 57
[2025-07-08 16:52:59] 
            Текст ошибки: Страница не найдена: assets/img/products/apple_cinema_30.jpg | Файл: /var/www/html/src/wfm/Router.php | Строка: 57
[2025-07-08 16:52:59] 
            Текст ошибки: Страница не найдена: assets/img/products/hp_1.jpg | Файл: /var/www/html/src/wfm/Router.php | Строка: 57
[2025-07-08 16:53:11] 
            Текст ошибки: Страница не найдена: assets/img/products/apple_cinema_30.jpg | Файл: /var/www/html/src/wfm/Router.php | Строка: 57
[2025-07-08 16:53:11] 
            Текст ошибки: Страница не найдена: assets/img/products/canon_eos_5d_1.jpg | Файл: /var/www/html/src/wfm/Router.php | Строка: 57
[2025-07-08 16:53:11] 
            Текст ошибки: Страница не найдена: assets/img/products/hp_1.jpg | Файл: /var/www/html/src/wfm/Router.php | Строка: 57
[2025-07-08 16:54:30] 
            Текст ошибки: Страница не найдена: assets/img/products/canon_eos_5d_1.jpg | Файл: /var/www/html/src/wfm/Router.php | Строка: 57
[2025-07-08 16:54:30] 
            Текст ошибки: Страница не найдена: assets/img/products/apple_cinema_30.jpg | Файл: /var/www/html/src/wfm/Router.php | Строка: 57
[2025-07-08 16:54:30] 
            Текст ошибки: Страница не найдена: assets/img/products/hp_1.jpg | Файл: /var/www/html/src/wfm/Router.php | Строка: 57
[2025-07-08 16:56:21] 
            Текст ошибки: Страница не найдена: assets/img/products/apple_cinema_30.jpg | Файл: /var/www/html/src/wfm/Router.php | Строка: 57
[2025-07-08 16:56:21] 
            Текст ошибки: Страница не найдена: assets/img/products/canon_eos_5d_1.jpg | Файл: /var/www/html/src/wfm/Router.php | Строка: 57
[2025-07-08 16:56:21] 
            Текст ошибки: Страница не найдена: assets/img/products/hp_1.jpg | Файл: /var/www/html/src/wfm/Router.php | Строка: 57
[2025-07-08 17:03:27] 
            Текст ошибки: Страница не найдена: category.html | Файл: /var/www/html/src/wfm/Router.php | Строка: 57
[2025-07-08 17:14:30] 
            Текст ошибки: Контроллер не найден: App\Controllers\ProductController | Файл: /var/www/html/src/wfm/Router.php | Строка: 54
[2025-07-08 17:18:22] 
            Текст ошибки: Страница не найдена: assets/img/products/hp_1.jpg | Файл: /var/www/html/src/wfm/Router.php | Строка: 57
[2025-07-08 17:18:22] 
            Текст ошибки: Страница не найдена: assets/img/products/apple_cinema_30.jpg | Файл: /var/www/html/src/wfm/Router.php | Строка: 57
[2025-07-08 17:18:22] 
            Текст ошибки: Страница не найдена: assets/img/products/canon_eos_5d_1.jpg | Файл: /var/www/html/src/wfm/Router.php | Строка: 57
[2025-07-08 17:23:02] 
            Текст ошибки: Не найден файл части: /var/www/html/app/views/parts/products_loop.php.php | Файл: /var/www/html/src/wfm/View.php | Строка: 73
[2025-07-08 17:23:47] 
            Текст ошибки: Не найден файл части: /var/www/html/app/views/parts/products_loop.php.php | Файл: /var/www/html/src/wfm/View.php | Строка: 73
[2025-07-08 17:24:02] 
            Текст ошибки: Страница не найдена: assets/img/products/apple_cinema_30.jpg | Файл: /var/www/html/src/wfm/Router.php | Строка: 57
[2025-07-08 17:24:02] 
            Текст ошибки: Страница не найдена: assets/img/products/hp_1.jpg | Файл: /var/www/html/src/wfm/Router.php | Строка: 57
[2025-07-08 17:24:02] 
            Текст ошибки: Страница не найдена: assets/img/products/canon_eos_5d_1.jpg | Файл: /var/www/html/src/wfm/Router.php | Строка: 57
[2025-07-08 17:24:35] 
            Текст ошибки: Страница не найдена: assets/img/products/canon_eos_5d_1.jpg | Файл: /var/www/html/src/wfm/Router.php | Строка: 57
[2025-07-08 17:24:35] 
            Текст ошибки: Страница не найдена: assets/img/products/apple_cinema_30.jpg | Файл: /var/www/html/src/wfm/Router.php | Строка: 57
[2025-07-08 17:24:35] 
            Текст ошибки: Страница не найдена: assets/img/products/hp_1.jpg | Файл: /var/www/html/src/wfm/Router.php | Строка: 57
[2025-07-08 17:25:12] 
            Текст ошибки: Страница не найдена: assets/img/products/hp_1.jpg | Файл: /var/www/html/src/wfm/Router.php | Строка: 57
[2025-07-08 17:25:12] 
            Текст ошибки: Страница не найдена: assets/img/products/apple_cinema_30.jpg | Файл: /var/www/html/src/wfm/Router.php | Строка: 57
[2025-07-08 17:25:12] 
            Текст ошибки: Страница не найдена: assets/img/products/canon_eos_5d_1.jpg | Файл: /var/www/html/src/wfm/Router.php | Строка: 57
[2025-07-08 17:25:13] 
            Текст ошибки: Страница не найдена: assets/img/products/hp_1.jpg | Файл: /var/www/html/src/wfm/Router.php | Строка: 57
[2025-07-08 17:25:13] 
            Текст ошибки: Страница не найдена: assets/img/products/apple_cinema_30.jpg | Файл: /var/www/html/src/wfm/Router.php | Строка: 57
[2025-07-08 17:25:13] 
            Текст ошибки: Страница не найдена: assets/img/products/canon_eos_5d_1.jpg | Файл: /var/www/html/src/wfm/Router.php | Строка: 57
[2025-07-08 17:25:54] 
            Текст ошибки: Страница не найдена: assets/img/products/canon_eos_5d_1.jpg | Файл: /var/www/html/src/wfm/Router.php | Строка: 57
[2025-07-08 17:25:54] 
            Текст ошибки: Страница не найдена: assets/img/products/apple_cinema_30.jpg | Файл: /var/www/html/src/wfm/Router.php | Строка: 57
[2025-07-08 17:25:54] 
            Текст ошибки: Страница не найдена: assets/img/products/hp_1.jpg | Файл: /var/www/html/src/wfm/Router.php | Строка: 57
[2025-07-08 17:25:54] 
            Текст ошибки: Страница не найдена: assets/img/products/hp_1.jpg | Файл: /var/www/html/src/wfm/Router.php | Строка: 57
[2025-07-08 17:25:54] 
            Текст ошибки: Страница не найдена: assets/img/products/apple_cinema_30.jpg | Файл: /var/www/html/src/wfm/Router.php | Строка: 57
[2025-07-08 17:25:54] 
            Текст ошибки: Страница не найдена: assets/img/products/canon_eos_5d_1.jpg | Файл: /var/www/html/src/wfm/Router.php | Строка: 57
[2025-07-08 17:27:05] 
            Текст ошибки: Страница не найдена: assets/img/products/canon_eos_5d_1.jpg | Файл: /var/www/html/src/wfm/Router.php | Строка: 57
[2025-07-08 17:27:05] 
            Текст ошибки: Страница не найдена: assets/img/products/apple_cinema_30.jpg | Файл: /var/www/html/src/wfm/Router.php | Строка: 57
[2025-07-08 17:27:05] 
            Текст ошибки: Страница не найдена: assets/img/products/hp_1.jpg | Файл: /var/www/html/src/wfm/Router.php | Строка: 57
